PRT1
17
31
4 0 4 (1024 -1024 384 ) (1024 -1024 512 ) (1024 0 512 ) (1024 0 384 ) 
4 0 2 (1536 -1024 384 ) (1536 -1024 512 ) (1024 -1024 512 ) (1024 -1024 384 ) 
4 0 1 (1536 -63.666668 384 ) (1536 -1024 384 ) (1024 -1024 384 ) (1024 -63.666668 384 ) 
4 1 5 (1024 -1024 64 ) (1024 -1024 384 ) (1024 -63.666668 384 ) (1024 -63.666668 64 ) 
4 1 2 (1536 -1024 64 ) (1536 -1024 384 ) (1024 -1024 384 ) (1024 -1024 64 ) 
4 2 15 (1024 -1024 384 ) (1024 -1024 64 ) (1024 -1472 64 ) (1024 -1472 384 ) 
4 2 14 (1024 -1472 512 ) (1024 -1024 512 ) (1024 -1024 384 ) (1024 -1472 384 ) 
4 2 3 (1536 -1472 384 ) (1536 -1472 512 ) (1024 -1472 512 ) (1024 -1472 384 ) 
4 3 14 (1024 -1536 384 ) (1024 -1536 512 ) (1024 -1472 512 ) (1024 -1472 384 ) 
4 4 14 (1024 -1024 384 ) (1024 -1024 512 ) (512 -1024 512 ) (512 -1024 384 ) 
4 4 13 (512 -960 384 ) (512 -1024 384 ) (512 -1024 512 ) (512 -960 512 ) 
4 4 9 (512 -576 384 ) (512 -960 384 ) (512 -960 512 ) (512 -576 512 ) 
4 4 8 (512 -512 384 ) (512 -576 384 ) (512 -576 512 ) (512 -512 512 ) 
4 4 6 (512 0 512 ) (512 0 384 ) (512 -512 384 ) (512 -512 512 ) 
4 4 5 (1024 -1024 384 ) (512 -1024 384 ) (512 -63.666668 384 ) (1024 -63.666668 384 ) 
4 5 15 (1024 -1024 64 ) (1024 -1024 384 ) (512 -1024 384 ) (512 -1024 64 ) 
4 5 13 (512 -1024 320 ) (512 -1024 384 ) (512 -960 384 ) (512 -960 320 ) 
4 5 10 (512 -672 64 ) (512 -864 64 ) (512 -864 192 ) (512 -672 192 ) 
4 5 9 (512 -960 320 ) (512 -960 384 ) (512 -576 384 ) (512 -576 320 ) 
4 5 8 (512 -576 320 ) (512 -576 384 ) (512 -512 384 ) (512 -512 320 ) 
4 6 8 (0 -512 512 ) (0 -512 384 ) (512 -512 384 ) (512 -512 512 ) 
4 6 7 (448 -512 384 ) (0 -512 384 ) (0 0 384 ) (448 0 384 ) 
4 7 8 (0 -512 384 ) (0 -512 320 ) (448 -512 320 ) (448 -512 384 ) 
4 8 9 (512 -576 320 ) (512 -576 512 ) (0 -576 512 ) (0 -576 320 ) 
4 9 13 (0 -960 512 ) (0 -960 320 ) (512 -960 320 ) (512 -960 512 ) 
4 10 11 (496 -672 176 ) (496 -672 64 ) (496 -864 64 ) (496 -864 176 ) 
4 11 12 (448 -672 176 ) (448 -672 64 ) (448 -864 64 ) (448 -864 176 ) 
4 13 16 (448 -1024 384 ) (0 -1024 384 ) (0 -1024 320 ) (448 -1024 320 ) 
4 13 14 (512 -1024 384 ) (512 -1024 512 ) (0 -1024 512 ) (0 -1024 384 ) 
4 14 16 (448 -1536 384 ) (0 -1536 384 ) (0 -1024 384 ) (448 -1024 384 ) 
4 14 15 (512 -1472 384 ) (512 -1024 384 ) (1024 -1024 384 ) (1024 -1472 384 ) 
